<?xml version="1.0" encoding="UTF-8"?>
<testsuite xmlns:xsi="http://www.w3.org/2001/XMLSchema-instance" xsi:noNamespaceSchemaLocation="https://maven.apache.org/surefire/maven-surefire-plugin/xsd/surefire-test-report-3.0.xsd" version="3.0" name="br.com.biblioteca.config.DataInitTest" time="0.314" tests="2" errors="0" skipped="0" failures="0">
  <properties>
    <property name="java.specification.version" value="17"/>
    <property name="sun.cpu.isalist" value="amd64"/>
    <property name="sun.jnu.encoding" value="Cp1252"/>
    <property name="java.class.path" value="F:\biblioteca\springboot\target\test-classes;F:\biblioteca\springboot\target\classes;F:\repository\org\springframework\boot\spring-boot-starter-web\3.3.3\spring-boot-starter-web-3.3.3.jar;F:\repository\org\springframework\boot\spring-boot-starter\3.3.3\spring-boot-starter-3.3.3.jar;F:\repository\org\springframework\boot\spring-boot\3.3.3\spring-boot-3.3.3.jar;F:\repository\org\springframework\boot\spring-boot-autoconfigure\3.3.3\spring-boot-autoconfigure-3.3.3.jar;F:\repository\org\springframework\boot\spring-boot-starter-logging\3.3.3\spring-boot-starter-logging-3.3.3.jar;F:\repository\ch\qos\logback\logback-classic\1.5.7\logback-classic-1.5.7.jar;F:\repository\ch\qos\logback\logback-core\1.5.7\logback-core-1.5.7.jar;F:\repository\org\apache\logging\log4j\log4j-to-slf4j\2.23.1\log4j-to-slf4j-2.23.1.jar;F:\repository\org\apache\logging\log4j\log4j-api\2.23.1\log4j-api-2.23.1.jar;F:\repository\org\slf4j\jul-to-slf4j\2.0.16\jul-to-slf4j-2.0.16.jar;F:\repository\jakarta\annotation\jakarta.annotation-api\2.1.1\jakarta.annotation-api-2.1.1.jar;F:\repository\org\yaml\snakeyaml\2.2\snakeyaml-2.2.jar;F:\repository\org\springframework\boot\spring-boot-starter-json\3.3.3\spring-boot-starter-json-3.3.3.jar;F:\repository\com\fasterxml\jackson\datatype\jackson-datatype-jdk8\2.17.2\jackson-datatype-jdk8-2.17.2.jar;F:\repository\com\fasterxml\jackson\datatype\jackson-datatype-jsr310\2.17.2\jackson-datatype-jsr310-2.17.2.jar;F:\repository\com\fasterxml\jackson\module\jackson-module-parameter-names\2.17.2\jackson-module-parameter-names-2.17.2.jar;F:\repository\org\springframework\boot\spring-boot-starter-tomcat\3.3.3\spring-boot-starter-tomcat-3.3.3.jar;F:\repository\org\apache\tomcat\embed\tomcat-embed-core\10.1.28\tomcat-embed-core-10.1.28.jar;F:\repository\org\apache\tomcat\embed\tomcat-embed-websocket\10.1.28\tomcat-embed-websocket-10.1.28.jar;F:\repository\org\springframework\spring-web\6.1.12\spring-web-6.1.12.jar;F:\repository\org\springframework\spring-beans\6.1.12\spring-beans-6.1.12.jar;F:\repository\org\springframework\spring-webmvc\6.1.12\spring-webmvc-6.1.12.jar;F:\repository\org\springframework\spring-context\6.1.12\spring-context-6.1.12.jar;F:\repository\org\springframework\spring-expression\6.1.12\spring-expression-6.1.12.jar;F:\repository\org\springframework\boot\spring-boot-starter-security\3.3.3\spring-boot-starter-security-3.3.3.jar;F:\repository\org\springframework\spring-aop\6.1.12\spring-aop-6.1.12.jar;F:\repository\org\springframework\security\spring-security-config\6.3.3\spring-security-config-6.3.3.jar;F:\repository\org\springframework\security\spring-security-web\6.3.3\spring-security-web-6.3.3.jar;F:\repository\org\springframework\boot\spring-boot-starter-data-jpa\3.3.3\spring-boot-starter-data-jpa-3.3.3.jar;F:\repository\org\springframework\boot\spring-boot-starter-aop\3.3.3\spring-boot-starter-aop-3.3.3.jar;F:\repository\org\aspectj\aspectjweaver\1.9.22.1\aspectjweaver-1.9.22.1.jar;F:\repository\org\springframework\boot\spring-boot-starter-jdbc\3.3.3\spring-boot-starter-jdbc-3.3.3.jar;F:\repository\com\zaxxer\HikariCP\5.1.0\HikariCP-5.1.0.jar;F:\repository\org\springframework\spring-jdbc\6.1.12\spring-jdbc-6.1.12.jar;F:\repository\org\hibernate\orm\hibernate-core\6.5.2.Final\hibernate-core-6.5.2.Final.jar;F:\repository\jakarta\persistence\jakarta.persistence-api\3.1.0\jakarta.persistence-api-3.1.0.jar;F:\repository\jakarta\transaction\jakarta.transaction-api\2.0.1\jakarta.transaction-api-2.0.1.jar;F:\repository\org\jboss\logging\jboss-logging\3.5.3.Final\jboss-logging-3.5.3.Final.jar;F:\repository\org\hibernate\common\hibernate-commons-annotations\6.0.6.Final\hibernate-commons-annotations-6.0.6.Final.jar;F:\repository\io\smallrye\jandex\3.1.2\jandex-3.1.2.jar;F:\repository\com\fasterxml\classmate\1.7.0\classmate-1.7.0.jar;F:\repository\org\glassfish\jaxb\jaxb-runtime\4.0.5\jaxb-runtime-4.0.5.jar;F:\repository\org\glassfish\jaxb\jaxb-core\4.0.5\jaxb-core-4.0.5.jar;F:\repository\org\eclipse\angus\angus-activation\2.0.2\angus-activation-2.0.2.jar;F:\repository\org\glassfish\jaxb\txw2\4.0.5\txw2-4.0.5.jar;F:\repository\com\sun\istack\istack-commons-runtime\4.1.2\istack-commons-runtime-4.1.2.jar;F:\repository\jakarta\inject\jakarta.inject-api\2.0.1\jakarta.inject-api-2.0.1.jar;F:\repository\org\antlr\antlr4-runtime\4.13.0\antlr4-runtime-4.13.0.jar;F:\repository\org\springframework\data\spring-data-jpa\3.3.3\spring-data-jpa-3.3.3.jar;F:\repository\org\springframework\data\spring-data-commons\3.3.3\spring-data-commons-3.3.3.jar;F:\repository\org\springframework\spring-orm\6.1.12\spring-orm-6.1.12.jar;F:\repository\org\springframework\spring-tx\6.1.12\spring-tx-6.1.12.jar;F:\repository\org\springframework\spring-aspects\6.1.12\spring-aspects-6.1.12.jar;F:\repository\org\springframework\boot\spring-boot-starter-validation\3.3.3\spring-boot-starter-validation-3.3.3.jar;F:\repository\org\apache\tomcat\embed\tomcat-embed-el\10.1.28\tomcat-embed-el-10.1.28.jar;F:\repository\org\hibernate\validator\hibernate-validator\8.0.1.Final\hibernate-validator-8.0.1.Final.jar;F:\repository\jakarta\validation\jakarta.validation-api\3.0.2\jakarta.validation-api-3.0.2.jar;F:\repository\io\jsonwebtoken\jjwt-api\0.11.5\jjwt-api-0.11.5.jar;F:\repository\io\jsonwebtoken\jjwt-impl\0.11.5\jjwt-impl-0.11.5.jar;F:\repository\io\jsonwebtoken\jjwt-jackson\0.11.5\jjwt-jackson-0.11.5.jar;F:\repository\com\fasterxml\jackson\core\jackson-databind\2.17.2\jackson-databind-2.17.2.jar;F:\repository\com\fasterxml\jackson\core\jackson-annotations\2.17.2\jackson-annotations-2.17.2.jar;F:\repository\com\fasterxml\jackson\core\jackson-core\2.17.2\jackson-core-2.17.2.jar;F:\repository\org\springdoc\springdoc-openapi-starter-webmvc-ui\2.5.0\springdoc-openapi-starter-webmvc-ui-2.5.0.jar;F:\repository\org\springdoc\springdoc-openapi-starter-webmvc-api\2.5.0\springdoc-openapi-starter-webmvc-api-2.5.0.jar;F:\repository\org\springdoc\springdoc-openapi-starter-common\2.5.0\springdoc-openapi-starter-common-2.5.0.jar;F:\repository\io\swagger\core\v3\swagger-core-jakarta\2.2.21\swagger-core-jakarta-2.2.21.jar;F:\repository\org\apache\commons\commons-lang3\3.14.0\commons-lang3-3.14.0.jar;F:\repository\io\swagger\core\v3\swagger-annotations-jakarta\2.2.21\swagger-annotations-jakarta-2.2.21.jar;F:\repository\io\swagger\core\v3\swagger-models-jakarta\2.2.21\swagger-models-jakarta-2.2.21.jar;F:\repository\com\fasterxml\jackson\dataformat\jackson-dataformat-yaml\2.17.2\jackson-dataformat-yaml-2.17.2.jar;F:\repository\org\webjars\swagger-ui\5.13.0\swagger-ui-5.13.0.jar;F:\repository\org\postgresql\postgresql\42.7.3\postgresql-42.7.3.jar;F:\repository\org\checkerframework\checker-qual\3.42.0\checker-qual-3.42.0.jar;F:\repository\org\flywaydb\flyway-core\9.5.1\flyway-core-9.5.1.jar;F:\repository\com\electronwill\night-config\toml\3.6.6\toml-3.6.6.jar;F:\repository\com\electronwill\night-config\core\3.6.6\core-3.6.6.jar;F:\repository\org\springframework\boot\spring-boot-starter-test\3.3.3\spring-boot-starter-test-3.3.3.jar;F:\repository\org\springframework\boot\spring-boot-test\3.3.3\spring-boot-test-3.3.3.jar;F:\repository\org\springframework\boot\spring-boot-test-autoconfigure\3.3.3\spring-boot-test-autoconfigure-3.3.3.jar;F:\repository\com\jayway\jsonpath\json-path\2.9.0\json-path-2.9.0.jar;F:\repository\jakarta\xml\bind\jakarta.xml.bind-api\4.0.2\jakarta.xml.bind-api-4.0.2.jar;F:\repository\jakarta\activation\jakarta.activation-api\2.1.3\jakarta.activation-api-2.1.3.jar;F:\repository\net\minidev\json-smart\2.5.1\json-smart-2.5.1.jar;F:\repository\net\minidev\accessors-smart\2.5.1\accessors-smart-2.5.1.jar;F:\repository\org\ow2\asm\asm\9.6\asm-9.6.jar;F:\repository\org\awaitility\awaitility\4.2.2\awaitility-4.2.2.jar;F:\repository\org\hamcrest\hamcrest\2.2\hamcrest-2.2.jar;F:\repository\org\junit\jupiter\junit-jupiter\5.10.3\junit-jupiter-5.10.3.jar;F:\repository\org\junit\jupiter\junit-jupiter-params\5.10.3\junit-jupiter-params-5.10.3.jar;F:\repository\org\junit\jupiter\junit-jupiter-engine\5.10.3\junit-jupiter-engine-5.10.3.jar;F:\repository\org\junit\platform\junit-platform-engine\1.10.3\junit-platform-engine-1.10.3.jar;F:\repository\org\mockito\mockito-junit-jupiter\5.11.0\mockito-junit-jupiter-5.11.0.jar;F:\repository\org\skyscreamer\jsonassert\1.5.3\jsonassert-1.5.3.jar;F:\repository\com\vaadin\external\google\android-json\0.0.20131108.vaadin1\android-json-0.0.20131108.vaadin1.jar;F:\repository\org\springframework\spring-core\6.1.12\spring-core-6.1.12.jar;F:\repository\org\springframework\spring-jcl\6.1.12\spring-jcl-6.1.12.jar;F:\repository\org\springframework\spring-test\6.1.12\spring-test-6.1.12.jar;F:\repository\org\xmlunit\xmlunit-core\2.9.1\xmlunit-core-2.9.1.jar;F:\repository\org\projectlombok\lombok\1.18.34\lombok-1.18.34.jar;F:\repository\org\mockito\mockito-core\5.11.0\mockito-core-5.11.0.jar;F:\repository\net\bytebuddy\byte-buddy\1.14.19\byte-buddy-1.14.19.jar;F:\repository\net\bytebuddy\byte-buddy-agent\1.14.19\byte-buddy-agent-1.14.19.jar;F:\repository\org\objenesis\objenesis\3.3\objenesis-3.3.jar;F:\repository\org\testng\testng\7.11.0\testng-7.11.0.jar;F:\repository\org\slf4j\slf4j-api\2.0.16\slf4j-api-2.0.16.jar;F:\repository\org\jcommander\jcommander\1.83\jcommander-1.83.jar;F:\repository\org\webjars\jquery\3.7.1\jquery-3.7.1.jar;F:\repository\org\junit\jupiter\junit-jupiter-api\5.10.3\junit-jupiter-api-5.10.3.jar;F:\repository\org\opentest4j\opentest4j\1.3.0\opentest4j-1.3.0.jar;F:\repository\org\junit\platform\junit-platform-commons\1.10.3\junit-platform-commons-1.10.3.jar;F:\repository\org\apiguardian\apiguardian-api\1.1.2\apiguardian-api-1.1.2.jar;F:\repository\org\assertj\assertj-core\3.25.3\assertj-core-3.25.3.jar;F:\repository\org\springframework\security\spring-security-test\6.3.3\spring-security-test-6.3.3.jar;F:\repository\org\springframework\security\spring-security-core\6.3.3\spring-security-core-6.3.3.jar;F:\repository\org\springframework\security\spring-security-crypto\6.3.3\spring-security-crypto-6.3.3.jar;F:\repository\org\springframework\boot\spring-boot-starter-actuator\3.3.3\spring-boot-starter-actuator-3.3.3.jar;F:\repository\org\springframework\boot\spring-boot-actuator-autoconfigure\3.3.3\spring-boot-actuator-autoconfigure-3.3.3.jar;F:\repository\org\springframework\boot\spring-boot-actuator\3.3.3\spring-boot-actuator-3.3.3.jar;F:\repository\io\micrometer\micrometer-observation\1.13.3\micrometer-observation-1.13.3.jar;F:\repository\io\micrometer\micrometer-commons\1.13.3\micrometer-commons-1.13.3.jar;F:\repository\io\micrometer\micrometer-jakarta9\1.13.3\micrometer-jakarta9-1.13.3.jar;F:\repository\io\micrometer\micrometer-core\1.13.3\micrometer-core-1.13.3.jar;F:\repository\org\hdrhistogram\HdrHistogram\2.2.2\HdrHistogram-2.2.2.jar;F:\repository\org\latencyutils\LatencyUtils\2.0.3\LatencyUtils-2.0.3.jar;F:\repository\com\h2database\h2\2.2.224\h2-2.2.224.jar;"/>
    <property name="java.vm.vendor" value="Oracle Corporation"/>
    <property name="sun.arch.data.model" value="64"/>
    <property name="user.variant" value=""/>
    <property name="java.vendor.url" value="https://java.oracle.com/"/>
    <property name="user.timezone" value="America/Fortaleza"/>
    <property name="os.name" value="Windows 11"/>
    <property name="java.vm.specification.version" value="17"/>
    <property name="user.country" value="BR"/>
    <property name="sun.java.launcher" value="SUN_STANDARD"/>
    <property name="sun.boot.library.path" value="C:\Java\jdk-17\bin"/>
    <property name="sun.java.command" value="C:\Users\Helio\AppData\Local\Temp\surefire4826579461407229359\surefirebooter-20250909080145653_3.jar C:\Users\Helio\AppData\Local\Temp\surefire4826579461407229359 2025-09-09T08-01-45_512-jvmRun1 surefire-20250909080145653_1tmp surefire_0-20250909080145653_2tmp"/>
    <property name="jdk.debug" value="release"/>
    <property name="surefire.test.class.path" value="F:\biblioteca\springboot\target\test-classes;F:\biblioteca\springboot\target\classes;F:\repository\org\springframework\boot\spring-boot-starter-web\3.3.3\spring-boot-starter-web-3.3.3.jar;F:\repository\org\springframework\boot\spring-boot-starter\3.3.3\spring-boot-starter-3.3.3.jar;F:\repository\org\springframework\boot\spring-boot\3.3.3\spring-boot-3.3.3.jar;F:\repository\org\springframework\boot\spring-boot-autoconfigure\3.3.3\spring-boot-autoconfigure-3.3.3.jar;F:\repository\org\springframework\boot\spring-boot-starter-logging\3.3.3\spring-boot-starter-logging-3.3.3.jar;F:\repository\ch\qos\logback\logback-classic\1.5.7\logback-classic-1.5.7.jar;F:\repository\ch\qos\logback\logback-core\1.5.7\logback-core-1.5.7.jar;F:\repository\org\apache\logging\log4j\log4j-to-slf4j\2.23.1\log4j-to-slf4j-2.23.1.jar;F:\repository\org\apache\logging\log4j\log4j-api\2.23.1\log4j-api-2.23.1.jar;F:\repository\org\slf4j\jul-to-slf4j\2.0.16\jul-to-slf4j-2.0.16.jar;F:\repository\jakarta\annotation\jakarta.annotation-api\2.1.1\jakarta.annotation-api-2.1.1.jar;F:\repository\org\yaml\snakeyaml\2.2\snakeyaml-2.2.jar;F:\repository\org\springframework\boot\spring-boot-starter-json\3.3.3\spring-boot-starter-json-3.3.3.jar;F:\repository\com\fasterxml\jackson\datatype\jackson-datatype-jdk8\2.17.2\jackson-datatype-jdk8-2.17.2.jar;F:\repository\com\fasterxml\jackson\datatype\jackson-datatype-jsr310\2.17.2\jackson-datatype-jsr310-2.17.2.jar;F:\repository\com\fasterxml\jackson\module\jackson-module-parameter-names\2.17.2\jackson-module-parameter-names-2.17.2.jar;F:\repository\org\springframework\boot\spring-boot-starter-tomcat\3.3.3\spring-boot-starter-tomcat-3.3.3.jar;F:\repository\org\apache\tomcat\embed\tomcat-embed-core\10.1.28\tomcat-embed-core-10.1.28.jar;F:\repository\org\apache\tomcat\embed\tomcat-embed-websocket\10.1.28\tomcat-embed-websocket-10.1.28.jar;F:\repository\org\springframework\spring-web\6.1.12\spring-web-6.1.12.jar;F:\repository\org\springframework\spring-beans\6.1.12\spring-beans-6.1.12.jar;F:\repository\org\springframework\spring-webmvc\6.1.12\spring-webmvc-6.1.12.jar;F:\repository\org\springframework\spring-context\6.1.12\spring-context-6.1.12.jar;F:\repository\org\springframework\spring-expression\6.1.12\spring-expression-6.1.12.jar;F:\repository\org\springframework\boot\spring-boot-starter-security\3.3.3\spring-boot-starter-security-3.3.3.jar;F:\repository\org\springframework\spring-aop\6.1.12\spring-aop-6.1.12.jar;F:\repository\org\springframework\security\spring-security-config\6.3.3\spring-security-config-6.3.3.jar;F:\repository\org\springframework\security\spring-security-web\6.3.3\spring-security-web-6.3.3.jar;F:\repository\org\springframework\boot\spring-boot-starter-data-jpa\3.3.3\spring-boot-starter-data-jpa-3.3.3.jar;F:\repository\org\springframework\boot\spring-boot-starter-aop\3.3.3\spring-boot-starter-aop-3.3.3.jar;F:\repository\org\aspectj\aspectjweaver\1.9.22.1\aspectjweaver-1.9.22.1.jar;F:\repository\org\springframework\boot\spring-boot-starter-jdbc\3.3.3\spring-boot-starter-jdbc-3.3.3.jar;F:\repository\com\zaxxer\HikariCP\5.1.0\HikariCP-5.1.0.jar;F:\repository\org\springframework\spring-jdbc\6.1.12\spring-jdbc-6.1.12.jar;F:\repository\org\hibernate\orm\hibernate-core\6.5.2.Final\hibernate-core-6.5.2.Final.jar;F:\repository\jakarta\persistence\jakarta.persistence-api\3.1.0\jakarta.persistence-api-3.1.0.jar;F:\repository\jakarta\transaction\jakarta.transaction-api\2.0.1\jakarta.transaction-api-2.0.1.jar;F:\repository\org\jboss\logging\jboss-logging\3.5.3.Final\jboss-logging-3.5.3.Final.jar;F:\repository\org\hibernate\common\hibernate-commons-annotations\6.0.6.Final\hibernate-commons-annotations-6.0.6.Final.jar;F:\repository\io\smallrye\jandex\3.1.2\jandex-3.1.2.jar;F:\repository\com\fasterxml\classmate\1.7.0\classmate-1.7.0.jar;F:\repository\org\glassfish\jaxb\jaxb-runtime\4.0.5\jaxb-runtime-4.0.5.jar;F:\repository\org\glassfish\jaxb\jaxb-core\4.0.5\jaxb-core-4.0.5.jar;F:\repository\org\eclipse\angus\angus-activation\2.0.2\angus-activation-2.0.2.jar;F:\repository\org\glassfish\jaxb\txw2\4.0.5\txw2-4.0.5.jar;F:\repository\com\sun\istack\istack-commons-runtime\4.1.2\istack-commons-runtime-4.1.2.jar;F:\repository\jakarta\inject\jakarta.inject-api\2.0.1\jakarta.inject-api-2.0.1.jar;F:\repository\org\antlr\antlr4-runtime\4.13.0\antlr4-runtime-4.13.0.jar;F:\repository\org\springframework\data\spring-data-jpa\3.3.3\spring-data-jpa-3.3.3.jar;F:\repository\org\springframework\data\spring-data-commons\3.3.3\spring-data-commons-3.3.3.jar;F:\repository\org\springframework\spring-orm\6.1.12\spring-orm-6.1.12.jar;F:\repository\org\springframework\spring-tx\6.1.12\spring-tx-6.1.12.jar;F:\repository\org\springframework\spring-aspects\6.1.12\spring-aspects-6.1.12.jar;F:\repository\org\springframework\boot\spring-boot-starter-validation\3.3.3\spring-boot-starter-validation-3.3.3.jar;F:\repository\org\apache\tomcat\embed\tomcat-embed-el\10.1.28\tomcat-embed-el-10.1.28.jar;F:\repository\org\hibernate\validator\hibernate-validator\8.0.1.Final\hibernate-validator-8.0.1.Final.jar;F:\repository\jakarta\validation\jakarta.validation-api\3.0.2\jakarta.validation-api-3.0.2.jar;F:\repository\io\jsonwebtoken\jjwt-api\0.11.5\jjwt-api-0.11.5.jar;F:\repository\io\jsonwebtoken\jjwt-impl\0.11.5\jjwt-impl-0.11.5.jar;F:\repository\io\jsonwebtoken\jjwt-jackson\0.11.5\jjwt-jackson-0.11.5.jar;F:\repository\com\fasterxml\jackson\core\jackson-databind\2.17.2\jackson-databind-2.17.2.jar;F:\repository\com\fasterxml\jackson\core\jackson-annotations\2.17.2\jackson-annotations-2.17.2.jar;F:\repository\com\fasterxml\jackson\core\jackson-core\2.17.2\jackson-core-2.17.2.jar;F:\repository\org\springdoc\springdoc-openapi-starter-webmvc-ui\2.5.0\springdoc-openapi-starter-webmvc-ui-2.5.0.jar;F:\repository\org\springdoc\springdoc-openapi-starter-webmvc-api\2.5.0\springdoc-openapi-starter-webmvc-api-2.5.0.jar;F:\repository\org\springdoc\springdoc-openapi-starter-common\2.5.0\springdoc-openapi-starter-common-2.5.0.jar;F:\repository\io\swagger\core\v3\swagger-core-jakarta\2.2.21\swagger-core-jakarta-2.2.21.jar;F:\repository\org\apache\commons\commons-lang3\3.14.0\commons-lang3-3.14.0.jar;F:\repository\io\swagger\core\v3\swagger-annotations-jakarta\2.2.21\swagger-annotations-jakarta-2.2.21.jar;F:\repository\io\swagger\core\v3\swagger-models-jakarta\2.2.21\swagger-models-jakarta-2.2.21.jar;F:\repository\com\fasterxml\jackson\dataformat\jackson-dataformat-yaml\2.17.2\jackson-dataformat-yaml-2.17.2.jar;F:\repository\org\webjars\swagger-ui\5.13.0\swagger-ui-5.13.0.jar;F:\repository\org\postgresql\postgresql\42.7.3\postgresql-42.7.3.jar;F:\repository\org\checkerframework\checker-qual\3.42.0\checker-qual-3.42.0.jar;F:\repository\org\flywaydb\flyway-core\9.5.1\flyway-core-9.5.1.jar;F:\repository\com\electronwill\night-config\toml\3.6.6\toml-3.6.6.jar;F:\repository\com\electronwill\night-config\core\3.6.6\core-3.6.6.jar;F:\repository\org\springframework\boot\spring-boot-starter-test\3.3.3\spring-boot-starter-test-3.3.3.jar;F:\repository\org\springframework\boot\spring-boot-test\3.3.3\spring-boot-test-3.3.3.jar;F:\repository\org\springframework\boot\spring-boot-test-autoconfigure\3.3.3\spring-boot-test-autoconfigure-3.3.3.jar;F:\repository\com\jayway\jsonpath\json-path\2.9.0\json-path-2.9.0.jar;F:\repository\jakarta\xml\bind\jakarta.xml.bind-api\4.0.2\jakarta.xml.bind-api-4.0.2.jar;F:\repository\jakarta\activation\jakarta.activation-api\2.1.3\jakarta.activation-api-2.1.3.jar;F:\repository\net\minidev\json-smart\2.5.1\json-smart-2.5.1.jar;F:\repository\net\minidev\accessors-smart\2.5.1\accessors-smart-2.5.1.jar;F:\repository\org\ow2\asm\asm\9.6\asm-9.6.jar;F:\repository\org\awaitility\awaitility\4.2.2\awaitility-4.2.2.jar;F:\repository\org\hamcrest\hamcrest\2.2\hamcrest-2.2.jar;F:\repository\org\junit\jupiter\junit-jupiter\5.10.3\junit-jupiter-5.10.3.jar;F:\repository\org\junit\jupiter\junit-jupiter-params\5.10.3\junit-jupiter-params-5.10.3.jar;F:\repository\org\junit\jupiter\junit-jupiter-engine\5.10.3\junit-jupiter-engine-5.10.3.jar;F:\repository\org\junit\platform\junit-platform-engine\1.10.3\junit-platform-engine-1.10.3.jar;F:\repository\org\mockito\mockito-junit-jupiter\5.11.0\mockito-junit-jupiter-5.11.0.jar;F:\repository\org\skyscreamer\jsonassert\1.5.3\jsonassert-1.5.3.jar;F:\repository\com\vaadin\external\google\android-json\0.0.20131108.vaadin1\android-json-0.0.20131108.vaadin1.jar;F:\repository\org\springframework\spring-core\6.1.12\spring-core-6.1.12.jar;F:\repository\org\springframework\spring-jcl\6.1.12\spring-jcl-6.1.12.jar;F:\repository\org\springframework\spring-test\6.1.12\spring-test-6.1.12.jar;F:\repository\org\xmlunit\xmlunit-core\2.9.1\xmlunit-core-2.9.1.jar;F:\repository\org\projectlombok\lombok\1.18.34\lombok-1.18.34.jar;F:\repository\org\mockito\mockito-core\5.11.0\mockito-core-5.11.0.jar;F:\repository\net\bytebuddy\byte-buddy\1.14.19\byte-buddy-1.14.19.jar;F:\repository\net\bytebuddy\byte-buddy-agent\1.14.19\byte-buddy-agent-1.14.19.jar;F:\repository\org\objenesis\objenesis\3.3\objenesis-3.3.jar;F:\repository\org\testng\testng\7.11.0\testng-7.11.0.jar;F:\repository\org\slf4j\slf4j-api\2.0.16\slf4j-api-2.0.16.jar;F:\repository\org\jcommander\jcommander\1.83\jcommander-1.83.jar;F:\repository\org\webjars\jquery\3.7.1\jquery-3.7.1.jar;F:\repository\org\junit\jupiter\junit-jupiter-api\5.10.3\junit-jupiter-api-5.10.3.jar;F:\repository\org\opentest4j\opentest4j\1.3.0\opentest4j-1.3.0.jar;F:\repository\org\junit\platform\junit-platform-commons\1.10.3\junit-platform-commons-1.10.3.jar;F:\repository\org\apiguardian\apiguardian-api\1.1.2\apiguardian-api-1.1.2.jar;F:\repository\org\assertj\assertj-core\3.25.3\assertj-core-3.25.3.jar;F:\repository\org\springframework\security\spring-security-test\6.3.3\spring-security-test-6.3.3.jar;F:\repository\org\springframework\security\spring-security-core\6.3.3\spring-security-core-6.3.3.jar;F:\repository\org\springframework\security\spring-security-crypto\6.3.3\spring-security-crypto-6.3.3.jar;F:\repository\org\springframework\boot\spring-boot-starter-actuator\3.3.3\spring-boot-starter-actuator-3.3.3.jar;F:\repository\org\springframework\boot\spring-boot-actuator-autoconfigure\3.3.3\spring-boot-actuator-autoconfigure-3.3.3.jar;F:\repository\org\springframework\boot\spring-boot-actuator\3.3.3\spring-boot-actuator-3.3.3.jar;F:\repository\io\micrometer\micrometer-observation\1.13.3\micrometer-observation-1.13.3.jar;F:\repository\io\micrometer\micrometer-commons\1.13.3\micrometer-commons-1.13.3.jar;F:\repository\io\micrometer\micrometer-jakarta9\1.13.3\micrometer-jakarta9-1.13.3.jar;F:\repository\io\micrometer\micrometer-core\1.13.3\micrometer-core-1.13.3.jar;F:\repository\org\hdrhistogram\HdrHistogram\2.2.2\HdrHistogram-2.2.2.jar;F:\repository\org\latencyutils\LatencyUtils\2.0.3\LatencyUtils-2.0.3.jar;F:\repository\com\h2database\h2\2.2.224\h2-2.2.224.jar;"/>
    <property name="sun.cpu.endian" value="little"/>
    <property name="user.home" value="C:\Users\Helio"/>
    <property name="user.language" value="pt"/>
    <property name="java.specification.vendor" value="Oracle Corporation"/>
    <property name="java.version.date" value="2023-10-17"/>
    <property name="java.home" value="C:\Java\jdk-17"/>
    <property name="file.separator" value="\"/>
    <property name="style.color" value="always"/>
    <property name="basedir" value="F:\biblioteca\springboot"/>
    <property name="java.vm.compressedOopsMode" value="Zero based"/>
    <property name="line.separator" value="&#10;"/>
    <property name="java.vm.specification.vendor" value="Oracle Corporation"/>
    <property name="java.specification.name" value="Java Platform API Specification"/>
    <property name="surefire.real.class.path" value="C:\Users\Helio\AppData\Local\Temp\surefire4826579461407229359\surefirebooter-20250909080145653_3.jar"/>
    <property name="user.script" value=""/>
    <property name="sun.management.compiler" value="HotSpot 64-Bit Tiered Compilers"/>
    <property name="java.runtime.version" value="17.0.9+11-LTS-201"/>
    <property name="user.name" value="Helio"/>
    <property name="path.separator" value=";"/>
    <property name="os.version" value="10.0"/>
    <property name="java.runtime.name" value="Java(TM) SE Runtime Environment"/>
    <property name="file.encoding" value="Cp1252"/>
    <property name="java.vm.name" value="Java HotSpot(TM) 64-Bit Server VM"/>
    <property name="maven.ext.class.path" value="F:\ideaIC-2025.2.1.win\plugins\maven\lib\maven-event-listener.jar"/>
    <property name="localRepository" value="F:\repository"/>
    <property name="java.vendor.url.bug" value="https://bugreport.java.com/bugreport/"/>
    <property name="java.io.tmpdir" value="C:\Users\Helio\AppData\Local\Temp\"/>
    <property name="idea.version" value="2025.2.1"/>
    <property name="java.version" value="17.0.9"/>
    <property name="user.dir" value="F:\biblioteca\springboot"/>
    <property name="os.arch" value="amd64"/>
    <property name="jansi.passthrough" value="true"/>
    <property name="java.vm.specification.name" value="Java Virtual Machine Specification"/>
    <property name="sun.os.patch.level" value=""/>
    <property name="native.encoding" value="Cp1252"/>
    <property name="java.library.path" value="C:\Java\jdk-17\bin;C:\WINDOWS\Sun\Java\bin;C:\WINDOWS\system32;C:\WINDOWS;C:\app\client\product\12.2.0\client_1;C:\app\client\product\12.2.0\client_1\bin;C:\WINDOWS\system32;C:\WINDOWS;C:\WINDOWS\System32\Wbem;C:\WINDOWS\System32\WindowsPowerShell\v1.0\;C:\WINDOWS\System32\OpenSSH\;C:\Java\jdk-17\bin;C:\apache-maven-3.9.5\bin;C:\gradle-8.4\bin;C:\Program Files\Git\cmd;C:\Program Files\TortoiseGit\bin;C:\Flyway\;C:\nvm;C:\nvm\nodejs;C:\Python27;C:\Program Files\Microsoft SQL Server\Client SDK\ODBC\170\Tools\Binn\;C:\Program Files\Docker\Docker\resources\bin;F:\jboss\bin;C:\Program Files\ibm\gsk8\lib64;C:\Program Files (x86)\ibm\gsk8\lib;C:\openssl\bin;C:\Program Files\dotnet\;C:\Users\Helio\.jbang\bin;C:\Users\Helio\.jbang\bin;C:\Users\Helio\AppData\Local\Microsoft\WindowsApps;C:\Users\Helio\AppData\Local\Programs\Microsoft VS Code\bin;C:\Users\Helio\.dotnet\tools;."/>
    <property name="java.vm.info" value="mixed mode, sharing"/>
    <property name="java.vendor" value="Oracle Corporation"/>
    <property name="java.vm.version" value="17.0.9+11-LTS-201"/>
    <property name="sun.io.unicode.encoding" value="UnicodeLittle"/>
    <property name="maven.repo.local" value="F:\repository"/>
    <property name="java.class.version" value="61.0"/>
  </properties>
  <testcase name="deveCriarUsuariosEPapeisQuandoNaoExistirem" classname="br.com.biblioteca.config.DataInitTest" time="0.307"/>
  <testcase name="naoDeveCriarUsuariosQuandoJaExistirem" classname="br.com.biblioteca.config.DataInitTest" time="0.002"/>
</testsuite>